<?xml version="1.0" encoding="utf-8"?><testsuites><testsuite name="pytest" errors="0" failures="0" skipped="0" tests="30" time="1.041" timestamp="2024-09-15T18:14:42.651713-04:00" hostname="QT23XY7LXQ"><testcase classname="tests.procgen.ga.test_ga_generator" name="test_ga_tessellation_generator_init" time="0.002" /><testcase classname="tests.procgen.ga.test_ga_generator" name="test_get_generation_result" time="0.001" /><testcase classname="tests.procgen.ga.test_ga_generator" name="test_get_generation_result_returns_none_on_index_error" time="0.001" /><testcase classname="tests.procgen.ga.test_genome" name="test_tessellation_genome_init" time="0.000" /><testcase classname="tests.procgen.ga.test_genome" name="test_tessellation_phenome_init" time="0.001" /><testcase classname="tests.procgen.ga.test_genome" name="test_tessellation_decoder_decode" time="0.001" /><testcase classname="tests.procgen.ga.test_heuristic" name="test_bottom_top_not_even_penalty" time="0.001" /><testcase classname="tests.procgen.ga.test_heuristic" name="test_duplicated_points_penalty" time="0.001" /><testcase classname="tests.procgen.ga.test_heuristic" name="test_out_of_bounds_penalty" time="0.001" /><testcase classname="tests.procgen.ga.test_heuristic" name="test_count_number_points_reward" time="0.001" /><testcase classname="tests.procgen.ga.test_heuristic" name="test_bottom_top_even_reward" time="0.001" /><testcase classname="tests.procgen.ga.test_mutate" name="test_apply_mutation" time="0.001" /><testcase classname="tests.procgen.ga.test_mutate" name="test_substitute_action" time="0.001" /><testcase classname="tests.procgen.ga.test_mutate" name="test_substitution_action_uses_action_probs" time="0.001" /><testcase classname="tests.procgen.ga.test_mutate" name="test_insert_action" time="0.001" /><testcase classname="tests.procgen.ga.test_mutate" name="test_insert_action_uses_action_probs" time="0.001" /><testcase classname="tests.procgen.ga.test_mutate" name="test_delete_action" time="0.001" /><testcase classname="tests.procgen.ga.test_problem" name="test_evaluate_fitness" time="0.001" /><testcase classname="tests.procgen.ga.test_problem" name="test_equivalent" time="0.001" /><testcase classname="tests.procgen.ga.test_problem" name="test_worse_than" time="0.000" /><testcase classname="tests.procgen.ga.test_problem" name="test_initialize_genome" time="0.001" /><testcase classname="tests.procgen.test_generation_result" name="test_save_as_json" time="0.002" /><testcase classname="tests.procgen.test_generation_result" name="test_to_json" time="0.001" /><testcase classname="tests.procgen.test_generation_result" name="test_read_json" time="0.001" /><testcase classname="tests.procgen.test_generator" name="test_generate_not_implemented" time="0.001" /><testcase classname="tests.procgen.test_generator" name="test_draw_line" time="0.008" /><testcase classname="tests.procgen.test_rng_generator" name="test_generate" time="0.001" /><testcase classname="tests.procgen.test_rng_generator" name="test_generate_side" time="0.001" /><testcase classname="tests.procgen.test_rng_generator" name="test_get_rand_action" time="0.001" /><testcase classname="tests.test_draw" name="test_tessellate" time="0.001" /></testsuite></testsuites>